\BOOKMARK [1][-]{section.1}{Background}{}% 1
\BOOKMARK [1][-]{section.2}{Material and Methods}{}% 2
\BOOKMARK [2][-]{subsection.2.1}{Key concepts and assumptions}{section.2}% 3
\BOOKMARK [3][-]{subsubsection.2.1.1}{Responses, effects and biogeographical associations}{subsection.2.1}% 4
\BOOKMARK [3][-]{subsubsection.2.1.2}{Biotic context}{subsection.2.1}% 5
\BOOKMARK [2][-]{subsection.2.2}{A conditional probabilistic model of abundance}{section.2}% 6
\BOOKMARK [3][-]{subsubsection.2.2.1}{Notation}{subsection.2.2}% 7
\BOOKMARK [3][-]{subsubsection.2.2.2}{Conditional generative model of abundance}{subsection.2.2}% 8
\BOOKMARK [3][-]{subsubsection.2.2.3}{Inference}{subsection.2.2}% 9
\BOOKMARK [2][-]{subsection.2.3}{Validation on simulated data}{section.2}% 10
\BOOKMARK [3][-]{subsubsection.2.3.1}{Simulation experiment}{subsection.2.3}% 11
\BOOKMARK [3][-]{subsubsection.2.3.2}{Simulation diagnosis and inference complexity}{subsection.2.3}% 12
\BOOKMARK [3][-]{subsubsection.2.3.3}{Training}{subsection.2.3}% 13
\BOOKMARK [3][-]{subsubsection.2.3.4}{Association filtering}{subsection.2.3}% 14
\BOOKMARK [3][-]{subsubsection.2.3.5}{Validation metrics}{subsection.2.3}% 15
\BOOKMARK [2][-]{subsection.2.4}{Evaluation on empirical data}{section.2}% 16
\BOOKMARK [3][-]{subsubsection.2.4.1}{Data description}{subsection.2.4}% 17
\BOOKMARK [3][-]{subsubsection.2.4.2}{Preprocessing}{subsection.2.4}% 18
\BOOKMARK [3][-]{subsubsection.2.4.3}{Training configuration}{subsection.2.4}% 19
\BOOKMARK [3][-]{subsubsection.2.4.4}{Hyperparameter search and model selection}{subsection.2.4}% 20
\BOOKMARK [3][-]{subsubsection.2.4.5}{Analyzing plant associations and their latent representations}{subsection.2.4}% 21
\BOOKMARK [1][-]{section.3}{Results}{}% 22
\BOOKMARK [2][-]{subsection.3.1}{Recovering simulated association types}{section.3}% 23
\BOOKMARK [3][-]{subsubsection.3.1.1}{Association classification performances}{subsection.3.1}% 24
\BOOKMARK [3][-]{subsubsection.3.1.2}{Confronting inferred associations to observed patterns}{subsection.3.1}% 25
\BOOKMARK [2][-]{subsection.3.2}{Abiotic and biotic drivers of Alpine plant distributions}{section.3}% 26
\BOOKMARK [3][-]{subsubsection.3.2.1}{Plant habitat suitability}{subsection.3.2}% 27
\BOOKMARK [3][-]{subsubsection.3.2.2}{Plant associations on a mesotopographic gradient}{subsection.3.2}% 28
\BOOKMARK [3][-]{subsubsection.3.2.3}{Functional meaning of plant embeddings}{subsection.3.2}% 29
\BOOKMARK [1][-]{section.4}{Discussion}{}% 30
\BOOKMARK [1][-]{section.5}{Conclusion}{}% 31
\BOOKMARK [1][-]{appendix.A}{Derivatives of the optimized objective}{}% 32
\BOOKMARK [1][-]{appendix.B}{Alternative biotic context definitions}{}% 33
\BOOKMARK [2][-]{subsection.B.1}{Associations that depend on external factors}{appendix.B}% 34
\BOOKMARK [2][-]{subsection.B.2}{Temporal model}{appendix.B}% 35
\BOOKMARK [2][-]{subsection.B.3}{Spatial model}{appendix.B}% 36
\BOOKMARK [2][-]{subsection.B.4}{Graph biotic context}{appendix.B}% 37
